Start testing: May 24 02:07 MSK
----------------------------------------------------------
1/1 Testing: long_number_tests
1/1 Test: long_number_tests
Command: "/Users/igormajorov/Desktop/Ogorod/MP/build/tests/test_long_number"
Directory: /Users/igormajorov/Desktop/Ogorod/MP/build/tests
"long_number_tests" start time: May 24 02:07 MSK
Output:
----------------------------------------------------------
Running main() from /private/tmp/googletest-20250430-4705-6kzjyz/googletest-1.17.0/googletest/src/gtest_main.cc
This test program does NOT link in any test case. Please make sure this is intended.
[==========] Running 0 tests from 0 test suites.
[==========] 0 tests from 0 test suites ran. (0 ms total)
[  PASSED  ] 0 tests.
<end of output>
Test time =   0.45 sec
----------------------------------------------------------
Test Passed.
"long_number_tests" end time: May 24 02:07 MSK
"long_number_tests" time elapsed: 00:00:00
----------------------------------------------------------

End testing: May 24 02:07 MSK
